# JRE version: OpenJDK Runtime Environment (8.0_152-b01) (build 1.8.0_152-release-1248-b01)
# Java VM: OpenJDK 64-Bit Server VM (25.152-b01 mixed mode windows-amd64 compressed oops)
Heap:
 PSYoungGen      total 93696K, used 4394K [0x00000000e0000000, 0x00000000e8600000, 0x0000000100000000)
  eden space 81920K, 5% used [0x00000000e0000000,0x00000000e044ab88,0x00000000e5000000)
  from space 11776K, 0% used [0x00000000e5000000,0x00000000e5000000,0x00000000e5b80000)
  to   space 11776K, 0% used [0x00000000e7a80000,0x00000000e7a80000,0x00000000e8600000)
 ParOldGen       total 61952K, used 16545K [0x00000000a0000000, 0x00000000a3c80000, 0x00000000e0000000)
  object space 61952K, 26% used [0x00000000a0000000,0x00000000a10286b8,0x00000000a3c80000)
 Metaspace       used 35192K, capacity 35742K, committed 35840K, reserved 1079296K
  class space    used 4885K, capacity 5097K, committed 5120K, reserved 1048576K
GC Heap History (10 events):
Event: 4.292 GC heap before
{Heap before GC invocations=7 (full 1):
 PSYoungGen      total 37888K, used 32768K [0x00000000e0000000, 0x00000000e5600000, 0x0000000100000000)
  eden space 32768K, 100% used [0x00000000e0000000,0x00000000e2000000,0x00000000e2000000)
  from space 5120K, 0% used [0x00000000e2000000,0x00000000e2000000,0x00000000e2500000)
  to   space 11264K, 0% used [0x00000000e4b00000,0x00000000e4b00000,0x00000000e5600000)
 ParOldGen       total 61952K, used 9981K [0x00000000a0000000, 0x00000000a3c80000, 0x00000000e0000000)
  object space 61952K, 16% used [0x00000000a0000000,0x00000000a09bf7f0,0x00000000a3c80000)
 Metaspace       used 24718K, capacity 25228K, committed 25344K, reserved 1071104K
  class space    used 3392K, capacity 3577K, committed 3584K, reserved 1048576K
Event: 4.296 GC heap after
Heap after GC invocations=7 (full 1):
 PSYoungGen      total 56320K, used 4071K [0x00000000e0000000, 0x00000000e4f00000, 0x0000000100000000)
  eden space 52224K, 0% used [0x00000000e0000000,0x00000000e0000000,0x00000000e3300000)
  from space 4096K, 99% used [0x00000000e4b00000,0x00000000e4ef9fc0,0x00000000e4f00000)
  to   space 11264K, 0% used [0x00000000e3900000,0x00000000e3900000,0x00000000e4400000)
 ParOldGen       total 61952K, used 9989K [0x00000000a0000000, 0x00000000a3c80000, 0x00000000e0000000)
  object space 61952K, 16% used [0x00000000a0000000,0x00000000a09c17f0,0x00000000a3c80000)
 Metaspace       used 24718K, capacity 25228K, committed 25344K, reserved 1071104K
  class space    used 3392K, capacity 3577K, committed 3584K, reserved 1048576K
}
Event: 4.775 GC heap before
{Heap before GC invocations=8 (full 1):
 PSYoungGen      total 56320K, used 56295K [0x00000000e0000000, 0x00000000e4f00000, 0x0000000100000000)
  eden space 52224K, 100% used [0x00000000e0000000,0x00000000e3300000,0x00000000e3300000)
  from space 4096K, 99% used [0x00000000e4b00000,0x00000000e4ef9fc0,0x00000000e4f00000)
  to   space 11264K, 0% used [0x00000000e3900000,0x00000000e3900000,0x00000000e4400000)
 ParOldGen       total 61952K, used 9989K [0x00000000a0000000, 0x00000000a3c80000, 0x00000000e0000000)
  object space 61952K, 16% used [0x00000000a0000000,0x00000000a09c17f0,0x00000000a3c80000)
 Metaspace       used 28218K, capacity 28796K, committed 29056K, reserved 1075200K
  class space    used 3889K, capacity 4103K, committed 4224K, reserved 1048576K
Event: 4.781 GC heap after
Heap after GC invocations=8 (full 1):
 PSYoungGen      total 69632K, used 6992K [0x00000000e0000000, 0x00000000e6600000, 0x0000000100000000)
  eden space 58368K, 0% used [0x00000000e0000000,0x00000000e0000000,0x00000000e3900000)
  from space 11264K, 62% used [0x00000000e3900000,0x00000000e3fd4228,0x00000000e4400000)
  to   space 10752K, 0% used [0x00000000e5b80000,0x00000000e5b80000,0x00000000e6600000)
 ParOldGen       total 61952K, used 9997K [0x00000000a0000000, 0x00000000a3c80000, 0x00000000e0000000)
  object space 61952K, 16% used [0x00000000a0000000,0x00000000a09c37f0,0x00000000a3c80000)
 Metaspace       used 28218K, capacity 28796K, committed 29056K, reserved 1075200K
  class space    used 3889K, capacity 4103K, committed 4224K, reserved 1048576K
}
Event: 5.458 GC heap before
{Heap before GC invocations=9 (full 1):
 PSYoungGen      total 69632K, used 65360K [0x00000000e0000000, 0x00000000e6600000, 0x0000000100000000)
  eden space 58368K, 100% used [0x00000000e0000000,0x00000000e3900000,0x00000000e3900000)
  from space 11264K, 62% used [0x00000000e3900000,0x00000000e3fd4228,0x00000000e4400000)
  to   space 10752K, 0% used [0x00000000e5b80000,0x00000000e5b80000,0x00000000e6600000)
 ParOldGen       total 61952K, used 9997K [0x00000000a0000000, 0x00000000a3c80000, 0x00000000e0000000)
  object space 61952K, 16% used [0x00000000a0000000,0x00000000a09c37f0,0x00000000a3c80000)
 Metaspace       used 31365K, capacity 31872K, committed 32000K, reserved 1077248K
  class space    used 4378K, capacity 4593K, committed 4608K, reserved 1048576K
Event: 5.466 GC heap after
Heap after GC invocations=9 (full 1):
 PSYoungGen      total 92672K, used 9669K [0x00000000e0000000, 0x00000000e7180000, 0x0000000100000000)
  eden space 81920K, 0% used [0x00000000e0000000,0x00000000e0000000,0x00000000e5000000)
  from space 10752K, 89% used [0x00000000e5b80000,0x00000000e64f16f0,0x00000000e6600000)
  to   space 11776K, 0% used [0x00000000e5000000,0x00000000e5000000,0x00000000e5b80000)
 ParOldGen       total 61952K, used 10005K [0x00000000a0000000, 0x00000000a3c80000, 0x00000000e0000000)
  object space 61952K, 16% used [0x00000000a0000000,0x00000000a09c57f0,0x00000000a3c80000)
 Metaspace       used 31365K, capacity 31872K, committed 32000K, reserved 1077248K
  class space    used 4378K, capacity 4593K, committed 4608K, reserved 1048576K
}
Event: 5.816 GC heap before
{Heap before GC invocations=10 (full 1):
 PSYoungGen      total 92672K, used 32330K [0x00000000e0000000, 0x00000000e7180000, 0x0000000100000000)
  eden space 81920K, 27% used [0x00000000e0000000,0x00000000e16214e8,0x00000000e5000000)
  from space 10752K, 89% used [0x00000000e5b80000,0x00000000e64f16f0,0x00000000e6600000)
  to   space 11776K, 0% used [0x00000000e5000000,0x00000000e5000000,0x00000000e5b80000)
 ParOldGen       total 61952K, used 10005K [0x00000000a0000000, 0x00000000a3c80000, 0x00000000e0000000)
  object space 61952K, 16% used [0x00000000a0000000,0x00000000a09c57f0,0x00000000a3c80000)
 Metaspace       used 34688K, capacity 35262K, committed 35416K, reserved 1079296K
  class space    used 4824K, capacity 5065K, committed 5120K, reserved 1048576K
Event: 5.825 GC heap after
Heap after GC invocations=10 (full 1):
 PSYoungGen      total 93696K, used 7699K [0x00000000e0000000, 0x00000000e8600000, 0x0000000100000000)
  eden space 81920K, 0% used [0x00000000e0000000,0x00000000e0000000,0x00000000e5000000)
  from space 11776K, 65% used [0x00000000e5000000,0x00000000e5784fa8,0x00000000e5b80000)
  to   space 11776K, 0% used [0x00000000e7a80000,0x00000000e7a80000,0x00000000e8600000)
 ParOldGen       total 61952K, used 11898K [0x00000000a0000000, 0x00000000a3c80000, 0x00000000e0000000)
  object space 61952K, 19% used [0x00000000a0000000,0x00000000a0b9e830,0x00000000a3c80000)
 Metaspace       used 34688K, capacity 35262K, committed 35416K, reserved 1079296K
  class space    used 4824K, capacity 5065K, committed 5120K, reserved 1048576K
}
Event: 5.825 GC heap before
{Heap before GC invocations=11 (full 2):
 PSYoungGen      total 93696K, used 7699K [0x00000000e0000000, 0x00000000e8600000, 0x0000000100000000)
  eden space 81920K, 0% used [0x00000000e0000000,0x00000000e0000000,0x00000000e5000000)
  from space 11776K, 65% used [0x00000000e5000000,0x00000000e5784fa8,0x00000000e5b80000)
  to   space 11776K, 0% used [0x00000000e7a80000,0x00000000e7a80000,0x00000000e8600000)
 ParOldGen       total 61952K, used 11898K [0x00000000a0000000, 0x00000000a3c80000, 0x00000000e0000000)
  object space 61952K, 19% used [0x00000000a0000000,0x00000000a0b9e830,0x00000000a3c80000)
 Metaspace       used 34688K, capacity 35262K, committed 35416K, reserved 1079296K
  class space    used 4824K, capacity 5065K, committed 5120K, reserved 1048576K
Event: 5.884 GC heap after
Heap after GC invocations=11 (full 2):
 PSYoungGen      total 93696K, used 0K [0x00000000e0000000, 0x00000000e8600000, 0x0000000100000000)
  eden space 81920K, 0% used [0x00000000e0000000,0x00000000e0000000,0x00000000e5000000)
  from space 11776K, 0% used [0x00000000e5000000,0x00000000e5000000,0x00000000e5b80000)
  to   space 11776K, 0% used [0x00000000e7a80000,0x00000000e7a80000,0x00000000e8600000)
 ParOldGen       total 61952K, used 16545K [0x00000000a0000000, 0x00000000a3c80000, 0x00000000e0000000)
  object space 61952K, 26% used [0x00000000a0000000,0x00000000a10286b8,0x00000000a3c80000)
 Metaspace       used 34688K, capacity 35262K, committed 35416K, reserved 1079296K
  class space    used 4824K, capacity 5065K, committed 5120K, reserved 1048576K
}

