# JRE version: OpenJDK Runtime Environment (8.0_152-b01) (build 1.8.0_152-release-1248-b01)
# Java VM: OpenJDK 64-Bit Server VM (25.152-b01 mixed mode windows-amd64 compressed oops)
Heap:
 PSYoungGen      total 135680K, used 61320K [0x00000000e0000000, 0x00000000ea180000, 0x0000000100000000)
  eden space 122880K, 49% used [0x00000000e0000000,0x00000000e3be2070,0x00000000e7800000)
  from space 12800K, 0% used [0x00000000e8700000,0x00000000e8700000,0x00000000e9380000)
  to   space 15360K, 0% used [0x00000000e7800000,0x00000000e7800000,0x00000000e8700000)
 ParOldGen       total 61952K, used 35896K [0x00000000a0000000, 0x00000000a3c80000, 0x00000000e0000000)
  object space 61952K, 57% used [0x00000000a0000000,0x00000000a230e3b0,0x00000000a3c80000)
 Metaspace       used 59455K, capacity 61054K, committed 61184K, reserved 1101824K
  class space    used 8046K, capacity 8440K, committed 8448K, reserved 1048576K
GC Heap History (10 events):
Event: 5.468 GC heap before
{Heap before GC invocations=11 (full 2):
 PSYoungGen      total 92672K, used 7730K [0x00000000e0000000, 0x00000000e8380000, 0x0000000100000000)
  eden space 80896K, 0% used [0x00000000e0000000,0x00000000e0000000,0x00000000e4f00000)
  from space 11776K, 65% used [0x00000000e4f00000,0x00000000e568c8e0,0x00000000e5a80000)
  to   space 11776K, 0% used [0x00000000e7800000,0x00000000e7800000,0x00000000e8380000)
 ParOldGen       total 61952K, used 11829K [0x00000000a0000000, 0x00000000a3c80000, 0x00000000e0000000)
  object space 61952K, 19% used [0x00000000a0000000,0x00000000a0b8d7b0,0x00000000a3c80000)
 Metaspace       used 34680K, capacity 35262K, committed 35416K, reserved 1079296K
  class space    used 4825K, capacity 5065K, committed 5120K, reserved 1048576K
Event: 5.525 GC heap after
Heap after GC invocations=11 (full 2):
 PSYoungGen      total 92672K, used 0K [0x00000000e0000000, 0x00000000e8380000, 0x0000000100000000)
  eden space 80896K, 0% used [0x00000000e0000000,0x00000000e0000000,0x00000000e4f00000)
  from space 11776K, 0% used [0x00000000e4f00000,0x00000000e4f00000,0x00000000e5a80000)
  to   space 11776K, 0% used [0x00000000e7800000,0x00000000e7800000,0x00000000e8380000)
 ParOldGen       total 61952K, used 16602K [0x00000000a0000000, 0x00000000a3c80000, 0x00000000e0000000)
  object space 61952K, 26% used [0x00000000a0000000,0x00000000a1036a88,0x00000000a3c80000)
 Metaspace       used 34680K, capacity 35262K, committed 35416K, reserved 1079296K
  class space    used 4825K, capacity 5065K, committed 5120K, reserved 1048576K
}
Event: 6.441 GC heap before
{Heap before GC invocations=12 (full 2):
 PSYoungGen      total 92672K, used 80896K [0x00000000e0000000, 0x00000000e8380000, 0x0000000100000000)
  eden space 80896K, 100% used [0x00000000e0000000,0x00000000e4f00000,0x00000000e4f00000)
  from space 11776K, 0% used [0x00000000e4f00000,0x00000000e4f00000,0x00000000e5a80000)
  to   space 11776K, 0% used [0x00000000e7800000,0x00000000e7800000,0x00000000e8380000)
 ParOldGen       total 61952K, used 16602K [0x00000000a0000000, 0x00000000a3c80000, 0x00000000e0000000)
  object space 61952K, 26% used [0x00000000a0000000,0x00000000a1036a88,0x00000000a3c80000)
 Metaspace       used 42405K, capacity 43172K, committed 43392K, reserved 1087488K
  class space    used 5715K, capacity 5982K, committed 6016K, reserved 1048576K
Event: 6.452 GC heap after
Heap after GC invocations=12 (full 2):
 PSYoungGen      total 112640K, used 11751K [0x00000000e0000000, 0x00000000e8380000, 0x0000000100000000)
  eden space 100864K, 0% used [0x00000000e0000000,0x00000000e0000000,0x00000000e6280000)
  from space 11776K, 99% used [0x00000000e7800000,0x00000000e8379da8,0x00000000e8380000)
  to   space 13312K, 0% used [0x00000000e6980000,0x00000000e6980000,0x00000000e7680000)
 ParOldGen       total 61952K, used 17482K [0x00000000a0000000, 0x00000000a3c80000, 0x00000000e0000000)
  object space 61952K, 28% used [0x00000000a0000000,0x00000000a1112a40,0x00000000a3c80000)
 Metaspace       used 42405K, capacity 43172K, committed 43392K, reserved 1087488K
  class space    used 5715K, capacity 5982K, committed 6016K, reserved 1048576K
}
Event: 7.546 GC heap before
{Heap before GC invocations=13 (full 2):
 PSYoungGen      total 112640K, used 112615K [0x00000000e0000000, 0x00000000e8380000, 0x0000000100000000)
  eden space 100864K, 100% used [0x00000000e0000000,0x00000000e6280000,0x00000000e6280000)
  from space 11776K, 99% used [0x00000000e7800000,0x00000000e8379da8,0x00000000e8380000)
  to   space 13312K, 0% used [0x00000000e6980000,0x00000000e6980000,0x00000000e7680000)
 ParOldGen       total 61952K, used 17482K [0x00000000a0000000, 0x00000000a3c80000, 0x00000000e0000000)
  object space 61952K, 28% used [0x00000000a0000000,0x00000000a1112a40,0x00000000a3c80000)
 Metaspace       used 49985K, capacity 51044K, committed 51072K, reserved 1093632K
  class space    used 6711K, capacity 7019K, committed 7040K, reserved 1048576K
Event: 7.558 GC heap after
Heap after GC invocations=13 (full 2):
 PSYoungGen      total 121344K, used 8528K [0x00000000e0000000, 0x00000000e9380000, 0x0000000100000000)
  eden space 108032K, 0% used [0x00000000e0000000,0x00000000e0000000,0x00000000e6980000)
  from space 13312K, 64% used [0x00000000e6980000,0x00000000e71d40f8,0x00000000e7680000)
  to   space 12800K, 0% used [0x00000000e8700000,0x00000000e8700000,0x00000000e9380000)
 ParOldGen       total 61952K, used 23923K [0x00000000a0000000, 0x00000000a3c80000, 0x00000000e0000000)
  object space 61952K, 38% used [0x00000000a0000000,0x00000000a175cc08,0x00000000a3c80000)
 Metaspace       used 49985K, capacity 51044K, committed 51072K, reserved 1093632K
  class space    used 6711K, capacity 7019K, committed 7040K, reserved 1048576K
}
Event: 8.605 GC heap before
{Heap before GC invocations=14 (full 2):
 PSYoungGen      total 121344K, used 107146K [0x00000000e0000000, 0x00000000e9380000, 0x0000000100000000)
  eden space 108032K, 91% used [0x00000000e0000000,0x00000000e604e790,0x00000000e6980000)
  from space 13312K, 64% used [0x00000000e6980000,0x00000000e71d40f8,0x00000000e7680000)
  to   space 12800K, 0% used [0x00000000e8700000,0x00000000e8700000,0x00000000e9380000)
 ParOldGen       total 61952K, used 23923K [0x00000000a0000000, 0x00000000a3c80000, 0x00000000e0000000)
  object space 61952K, 38% used [0x00000000a0000000,0x00000000a175cc08,0x00000000a3c80000)
 Metaspace       used 57540K, capacity 58922K, committed 59028K, reserved 1099776K
  class space    used 7795K, capacity 8184K, committed 8192K, reserved 1048576K
Event: 8.620 GC heap after
Heap after GC invocations=14 (full 2):
 PSYoungGen      total 135680K, used 12790K [0x00000000e0000000, 0x00000000ea180000, 0x0000000100000000)
  eden space 122880K, 0% used [0x00000000e0000000,0x00000000e0000000,0x00000000e7800000)
  from space 12800K, 99% used [0x00000000e8700000,0x00000000e937d968,0x00000000e9380000)
  to   space 15360K, 0% used [0x00000000e7800000,0x00000000e7800000,0x00000000e8700000)
 ParOldGen       total 61952K, used 26562K [0x00000000a0000000, 0x00000000a3c80000, 0x00000000e0000000)
  object space 61952K, 42% used [0x00000000a0000000,0x00000000a19f0b58,0x00000000a3c80000)
 Metaspace       used 57540K, capacity 58922K, committed 59028K, reserved 1099776K
  class space    used 7795K, capacity 8184K, committed 8192K, reserved 1048576K
}
Event: 8.620 GC heap before
{Heap before GC invocations=15 (full 3):
 PSYoungGen      total 135680K, used 12790K [0x00000000e0000000, 0x00000000ea180000, 0x0000000100000000)
  eden space 122880K, 0% used [0x00000000e0000000,0x00000000e0000000,0x00000000e7800000)
  from space 12800K, 99% used [0x00000000e8700000,0x00000000e937d968,0x00000000e9380000)
  to   space 15360K, 0% used [0x00000000e7800000,0x00000000e7800000,0x00000000e8700000)
 ParOldGen       total 61952K, used 26562K [0x00000000a0000000, 0x00000000a3c80000, 0x00000000e0000000)
  object space 61952K, 42% used [0x00000000a0000000,0x00000000a19f0b58,0x00000000a3c80000)
 Metaspace       used 57540K, capacity 58922K, committed 59028K, reserved 1099776K
  class space    used 7795K, capacity 8184K, committed 8192K, reserved 1048576K
Event: 8.887 GC heap after
Heap after GC invocations=15 (full 3):
 PSYoungGen      total 135680K, used 0K [0x00000000e0000000, 0x00000000ea180000, 0x0000000100000000)
  eden space 122880K, 0% used [0x00000000e0000000,0x00000000e0000000,0x00000000e7800000)
  from space 12800K, 0% used [0x00000000e8700000,0x00000000e8700000,0x00000000e9380000)
  to   space 15360K, 0% used [0x00000000e7800000,0x00000000e7800000,0x00000000e8700000)
 ParOldGen       total 61952K, used 35896K [0x00000000a0000000, 0x00000000a3c80000, 0x00000000e0000000)
  object space 61952K, 57% used [0x00000000a0000000,0x00000000a230e3b0,0x00000000a3c80000)
 Metaspace       used 57540K, capacity 58922K, committed 59028K, reserved 1099776K
  class space    used 7795K, capacity 8184K, committed 8192K, reserved 1048576K
}

