# JRE version: OpenJDK Runtime Environment (8.0_152-b01) (build 1.8.0_152-release-1248-b01)
# Java VM: OpenJDK 64-Bit Server VM (25.152-b01 mixed mode windows-amd64 compressed oops)
Heap:
 PSYoungGen      total 224256K, used 29443K [0x00000000e0000000, 0x00000000efd00000, 0x0000000100000000)
  eden space 197632K, 12% used [0x00000000e0000000,0x00000000e17e5b50,0x00000000ec100000)
  from space 26624K, 18% used [0x00000000edc80000,0x00000000ee15b330,0x00000000ef680000)
  to   space 28160K, 0% used [0x00000000ec100000,0x00000000ec100000,0x00000000edc80000)
 ParOldGen       total 150016K, used 121664K [0x00000000a0000000, 0x00000000a9280000, 0x00000000e0000000)
  object space 150016K, 81% used [0x00000000a0000000,0x00000000a76d0108,0x00000000a9280000)
 Metaspace       used 77753K, capacity 80588K, committed 80768K, reserved 1120256K
  class space    used 10216K, capacity 10833K, committed 10880K, reserved 1048576K
GC Heap History (10 events):
Event: 17.252 GC heap before
{Heap before GC invocations=27 (full 3):
 PSYoungGen      total 225792K, used 213199K [0x00000000e0000000, 0x00000000efd00000, 0x0000000100000000)
  eden space 197632K, 100% used [0x00000000e0000000,0x00000000ec100000,0x00000000ec100000)
  from space 28160K, 55% used [0x00000000ec100000,0x00000000ed033f08,0x00000000edc80000)
  to   space 26624K, 0% used [0x00000000edc80000,0x00000000edc80000,0x00000000ef680000)
 ParOldGen       total 150016K, used 89727K [0x00000000a0000000, 0x00000000a9280000, 0x00000000e0000000)
  object space 150016K, 59% used [0x00000000a0000000,0x00000000a579fc10,0x00000000a9280000)
 Metaspace       used 77619K, capacity 80378K, committed 80512K, reserved 1118208K
  class space    used 10214K, capacity 10832K, committed 10880K, reserved 1048576K
Event: 17.267 GC heap after
Heap after GC invocations=27 (full 3):
 PSYoungGen      total 224256K, used 10208K [0x00000000e0000000, 0x00000000efd00000, 0x0000000100000000)
  eden space 197632K, 0% used [0x00000000e0000000,0x00000000e0000000,0x00000000ec100000)
  from space 26624K, 38% used [0x00000000edc80000,0x00000000ee678030,0x00000000ef680000)
  to   space 28160K, 0% used [0x00000000ec100000,0x00000000ec100000,0x00000000edc80000)
 ParOldGen       total 150016K, used 98576K [0x00000000a0000000, 0x00000000a9280000, 0x00000000e0000000)
  object space 150016K, 65% used [0x00000000a0000000,0x00000000a6044398,0x00000000a9280000)
 Metaspace       used 77619K, capacity 80378K, committed 80512K, reserved 1118208K
  class space    used 10214K, capacity 10832K, committed 10880K, reserved 1048576K
}
Event: 17.506 GC heap before
{Heap before GC invocations=28 (full 3):
 PSYoungGen      total 224256K, used 207840K [0x00000000e0000000, 0x00000000efd00000, 0x0000000100000000)
  eden space 197632K, 100% used [0x00000000e0000000,0x00000000ec100000,0x00000000ec100000)
  from space 26624K, 38% used [0x00000000edc80000,0x00000000ee678030,0x00000000ef680000)
  to   space 28160K, 0% used [0x00000000ec100000,0x00000000ec100000,0x00000000edc80000)
 ParOldGen       total 150016K, used 98576K [0x00000000a0000000, 0x00000000a9280000, 0x00000000e0000000)
  object space 150016K, 65% used [0x00000000a0000000,0x00000000a6044398,0x00000000a9280000)
 Metaspace       used 77624K, capacity 80378K, committed 80512K, reserved 1118208K
  class space    used 10214K, capacity 10832K, committed 10880K, reserved 1048576K
Event: 17.519 GC heap after
Heap after GC invocations=28 (full 3):
 PSYoungGen      total 225792K, used 9408K [0x00000000e0000000, 0x00000000efd00000, 0x0000000100000000)
  eden space 197632K, 0% used [0x00000000e0000000,0x00000000e0000000,0x00000000ec100000)
  from space 28160K, 33% used [0x00000000ec100000,0x00000000eca30020,0x00000000edc80000)
  to   space 26624K, 0% used [0x00000000edc80000,0x00000000edc80000,0x00000000ef680000)
 ParOldGen       total 150016K, used 104412K [0x00000000a0000000, 0x00000000a9280000, 0x00000000e0000000)
  object space 150016K, 69% used [0x00000000a0000000,0x00000000a65f73c8,0x00000000a9280000)
 Metaspace       used 77624K, capacity 80378K, committed 80512K, reserved 1118208K
  class space    used 10214K, capacity 10832K, committed 10880K, reserved 1048576K
}
Event: 17.748 GC heap before
{Heap before GC invocations=29 (full 3):
 PSYoungGen      total 225792K, used 207040K [0x00000000e0000000, 0x00000000efd00000, 0x0000000100000000)
  eden space 197632K, 100% used [0x00000000e0000000,0x00000000ec100000,0x00000000ec100000)
  from space 28160K, 33% used [0x00000000ec100000,0x00000000eca30020,0x00000000edc80000)
  to   space 26624K, 0% used [0x00000000edc80000,0x00000000edc80000,0x00000000ef680000)
 ParOldGen       total 150016K, used 104412K [0x00000000a0000000, 0x00000000a9280000, 0x00000000e0000000)
  object space 150016K, 69% used [0x00000000a0000000,0x00000000a65f73c8,0x00000000a9280000)
 Metaspace       used 77646K, capacity 80382K, committed 80512K, reserved 1118208K
  class space    used 10216K, capacity 10832K, committed 10880K, reserved 1048576K
Event: 17.763 GC heap after
Heap after GC invocations=29 (full 3):
 PSYoungGen      total 224256K, used 4960K [0x00000000e0000000, 0x00000000efd00000, 0x0000000100000000)
  eden space 197632K, 0% used [0x00000000e0000000,0x00000000e0000000,0x00000000ec100000)
  from space 26624K, 18% used [0x00000000edc80000,0x00000000ee158020,0x00000000ef680000)
  to   space 28160K, 0% used [0x00000000ec100000,0x00000000ec100000,0x00000000edc80000)
 ParOldGen       total 150016K, used 113705K [0x00000000a0000000, 0x00000000a9280000, 0x00000000e0000000)
  object space 150016K, 75% used [0x00000000a0000000,0x00000000a6f0a438,0x00000000a9280000)
 Metaspace       used 77646K, capacity 80382K, committed 80512K, reserved 1118208K
  class space    used 10216K, capacity 10832K, committed 10880K, reserved 1048576K
}
Event: 18.061 GC heap before
{Heap before GC invocations=30 (full 3):
 PSYoungGen      total 224256K, used 202592K [0x00000000e0000000, 0x00000000efd00000, 0x0000000100000000)
  eden space 197632K, 100% used [0x00000000e0000000,0x00000000ec100000,0x00000000ec100000)
  from space 26624K, 18% used [0x00000000edc80000,0x00000000ee158020,0x00000000ef680000)
  to   space 28160K, 0% used [0x00000000ec100000,0x00000000ec100000,0x00000000edc80000)
 ParOldGen       total 150016K, used 113705K [0x00000000a0000000, 0x00000000a9280000, 0x00000000e0000000)
  object space 150016K, 75% used [0x00000000a0000000,0x00000000a6f0a438,0x00000000a9280000)
 Metaspace       used 77720K, capacity 80460K, committed 80512K, reserved 1118208K
  class space    used 10216K, capacity 10833K, committed 10880K, reserved 1048576K
Event: 18.075 GC heap after
Heap after GC invocations=30 (full 3):
 PSYoungGen      total 225792K, used 5840K [0x00000000e0000000, 0x00000000efd00000, 0x0000000100000000)
  eden space 197632K, 0% used [0x00000000e0000000,0x00000000e0000000,0x00000000ec100000)
  from space 28160K, 20% used [0x00000000ec100000,0x00000000ec6b41b8,0x00000000edc80000)
  to   space 26624K, 0% used [0x00000000edc80000,0x00000000edc80000,0x00000000ef680000)
 ParOldGen       total 150016K, used 118113K [0x00000000a0000000, 0x00000000a9280000, 0x00000000e0000000)
  object space 150016K, 78% used [0x00000000a0000000,0x00000000a7358468,0x00000000a9280000)
 Metaspace       used 77720K, capacity 80460K, committed 80512K, reserved 1118208K
  class space    used 10216K, capacity 10833K, committed 10880K, reserved 1048576K
}
Event: 18.439 GC heap before
{Heap before GC invocations=31 (full 3):
 PSYoungGen      total 225792K, used 203472K [0x00000000e0000000, 0x00000000efd00000, 0x0000000100000000)
  eden space 197632K, 100% used [0x00000000e0000000,0x00000000ec100000,0x00000000ec100000)
  from space 28160K, 20% used [0x00000000ec100000,0x00000000ec6b41b8,0x00000000edc80000)
  to   space 26624K, 0% used [0x00000000edc80000,0x00000000edc80000,0x00000000ef680000)
 ParOldGen       total 150016K, used 118113K [0x00000000a0000000, 0x00000000a9280000, 0x00000000e0000000)
  object space 150016K, 78% used [0x00000000a0000000,0x00000000a7358468,0x00000000a9280000)
 Metaspace       used 77747K, capacity 80588K, committed 80768K, reserved 1120256K
  class space    used 10216K, capacity 10833K, committed 10880K, reserved 1048576K
Event: 18.449 GC heap after
Heap after GC invocations=31 (full 3):
 PSYoungGen      total 224256K, used 4972K [0x00000000e0000000, 0x00000000efd00000, 0x0000000100000000)
  eden space 197632K, 0% used [0x00000000e0000000,0x00000000e0000000,0x00000000ec100000)
  from space 26624K, 18% used [0x00000000edc80000,0x00000000ee15b330,0x00000000ef680000)
  to   space 28160K, 0% used [0x00000000ec100000,0x00000000ec100000,0x00000000edc80000)
 ParOldGen       total 150016K, used 121664K [0x00000000a0000000, 0x00000000a9280000, 0x00000000e0000000)
  object space 150016K, 81% used [0x00000000a0000000,0x00000000a76d0108,0x00000000a9280000)
 Metaspace       used 77747K, capacity 80588K, committed 80768K, reserved 1120256K
  class space    used 10216K, capacity 10833K, committed 10880K, reserved 1048576K
}

