# JRE version: OpenJDK Runtime Environment (8.0_152-b01) (build 1.8.0_152-release-1248-b01)
# Java VM: OpenJDK 64-Bit Server VM (25.152-b01 mixed mode windows-amd64 compressed oops)
Heap:
 PSYoungGen      total 209408K, used 125282K [0x00000000e0000000, 0x00000000f0780000, 0x0000000100000000)
  eden space 196608K, 57% used [0x00000000e0000000,0x00000000e6e28890,0x00000000ec000000)
  from space 12800K, 97% used [0x00000000efb00000,0x00000000f0730300,0x00000000f0780000)
  to   space 23040K, 0% used [0x00000000eda80000,0x00000000eda80000,0x00000000ef100000)
 ParOldGen       total 146432K, used 59629K [0x00000000a0000000, 0x00000000a8f00000, 0x00000000e0000000)
  object space 146432K, 40% used [0x00000000a0000000,0x00000000a3a3b7d0,0x00000000a8f00000)
 Metaspace       used 82127K, capacity 85656K, committed 85784K, reserved 1124352K
  class space    used 10656K, capacity 11462K, committed 11544K, reserved 1048576K
GC Heap History (10 events):
Event: 49.292 GC heap before
{Heap before GC invocations=15 (full 3):
 PSYoungGen      total 202752K, used 197859K [0x00000000e0000000, 0x00000000f0500000, 0x0000000100000000)
  eden space 180736K, 100% used [0x00000000e0000000,0x00000000eb080000,0x00000000eb080000)
  from space 22016K, 77% used [0x00000000eb080000,0x00000000ec138c78,0x00000000ec600000)
  to   space 23040K, 0% used [0x00000000eee80000,0x00000000eee80000,0x00000000f0500000)
 ParOldGen       total 146432K, used 40530K [0x00000000a0000000, 0x00000000a8f00000, 0x00000000e0000000)
  object space 146432K, 27% used [0x00000000a0000000,0x00000000a27949f8,0x00000000a8f00000)
 Metaspace       used 71332K, capacity 73700K, committed 73880K, reserved 1114112K
  class space    used 9428K, capacity 10064K, committed 10136K, reserved 1048576K
Event: 49.313 GC heap after
Heap after GC invocations=15 (full 3):
 PSYoungGen      total 240128K, used 23013K [0x00000000e0000000, 0x00000000f0a00000, 0x0000000100000000)
  eden space 217088K, 0% used [0x00000000e0000000,0x00000000e0000000,0x00000000ed400000)
  from space 23040K, 99% used [0x00000000eee80000,0x00000000f04f96e0,0x00000000f0500000)
  to   space 27136K, 0% used [0x00000000ed400000,0x00000000ed400000,0x00000000eee80000)
 ParOldGen       total 146432K, used 42134K [0x00000000a0000000, 0x00000000a8f00000, 0x00000000e0000000)
  object space 146432K, 28% used [0x00000000a0000000,0x00000000a29258b0,0x00000000a8f00000)
 Metaspace       used 71332K, capacity 73700K, committed 73880K, reserved 1114112K
  class space    used 9428K, capacity 10064K, committed 10136K, reserved 1048576K
}
Event: 424.148 GC heap before
{Heap before GC invocations=16 (full 3):
 PSYoungGen      total 240128K, used 240101K [0x00000000e0000000, 0x00000000f0a00000, 0x0000000100000000)
  eden space 217088K, 100% used [0x00000000e0000000,0x00000000ed400000,0x00000000ed400000)
  from space 23040K, 99% used [0x00000000eee80000,0x00000000f04f96e0,0x00000000f0500000)
  to   space 27136K, 0% used [0x00000000ed400000,0x00000000ed400000,0x00000000eee80000)
 ParOldGen       total 146432K, used 42134K [0x00000000a0000000, 0x00000000a8f00000, 0x00000000e0000000)
  object space 146432K, 28% used [0x00000000a0000000,0x00000000a29258b0,0x00000000a8f00000)
 Metaspace       used 75155K, capacity 78340K, committed 78488K, reserved 1118208K
  class space    used 9875K, capacity 10624K, committed 10648K, reserved 1048576K
Event: 424.176 GC heap after
Heap after GC invocations=16 (full 3):
 PSYoungGen      total 244224K, used 10719K [0x00000000e0000000, 0x00000000f2b80000, 0x0000000100000000)
  eden space 217088K, 0% used [0x00000000e0000000,0x00000000e0000000,0x00000000ed400000)
  from space 27136K, 39% used [0x00000000ed400000,0x00000000ede77de0,0x00000000eee80000)
  to   space 26112K, 0% used [0x00000000f1200000,0x00000000f1200000,0x00000000f2b80000)
 ParOldGen       total 146432K, used 59605K [0x00000000a0000000, 0x00000000a8f00000, 0x00000000e0000000)
  object space 146432K, 40% used [0x00000000a0000000,0x00000000a3a357d0,0x00000000a8f00000)
 Metaspace       used 75155K, capacity 78340K, committed 78488K, reserved 1118208K
  class space    used 9875K, capacity 10624K, committed 10648K, reserved 1048576K
}
Event: 704.936 GC heap before
{Heap before GC invocations=17 (full 3):
 PSYoungGen      total 244224K, used 227807K [0x00000000e0000000, 0x00000000f2b80000, 0x0000000100000000)
  eden space 217088K, 100% used [0x00000000e0000000,0x00000000ed400000,0x00000000ed400000)
  from space 27136K, 39% used [0x00000000ed400000,0x00000000ede77de0,0x00000000eee80000)
  to   space 26112K, 0% used [0x00000000f1200000,0x00000000f1200000,0x00000000f2b80000)
 ParOldGen       total 146432K, used 59605K [0x00000000a0000000, 0x00000000a8f00000, 0x00000000e0000000)
  object space 146432K, 40% used [0x00000000a0000000,0x00000000a3a357d0,0x00000000a8f00000)
 Metaspace       used 76185K, capacity 79568K, committed 79640K, reserved 1118208K
  class space    used 9971K, capacity 10746K, committed 10776K, reserved 1048576K
Event: 704.948 GC heap after
Heap after GC invocations=17 (full 3):
 PSYoungGen      total 218624K, used 8610K [0x00000000e0000000, 0x00000000f1a80000, 0x0000000100000000)
  eden space 209920K, 0% used [0x00000000e0000000,0x00000000e0000000,0x00000000ecd00000)
  from space 8704K, 98% used [0x00000000f1200000,0x00000000f1a68b68,0x00000000f1a80000)
  to   space 25088K, 0% used [0x00000000ee980000,0x00000000ee980000,0x00000000f0200000)
 ParOldGen       total 146432K, used 59613K [0x00000000a0000000, 0x00000000a8f00000, 0x00000000e0000000)
  object space 146432K, 40% used [0x00000000a0000000,0x00000000a3a377d0,0x00000000a8f00000)
 Metaspace       used 76185K, capacity 79568K, committed 79640K, reserved 1118208K
  class space    used 9971K, capacity 10746K, committed 10776K, reserved 1048576K
}
Event: 712.764 GC heap before
{Heap before GC invocations=18 (full 3):
 PSYoungGen      total 218624K, used 218482K [0x00000000e0000000, 0x00000000f1a80000, 0x0000000100000000)
  eden space 209920K, 99% used [0x00000000e0000000,0x00000000eccf3e48,0x00000000ecd00000)
  from space 8704K, 98% used [0x00000000f1200000,0x00000000f1a68b68,0x00000000f1a80000)
  to   space 25088K, 0% used [0x00000000ee980000,0x00000000ee980000,0x00000000f0200000)
 ParOldGen       total 146432K, used 59613K [0x00000000a0000000, 0x00000000a8f00000, 0x00000000e0000000)
  object space 146432K, 40% used [0x00000000a0000000,0x00000000a3a377d0,0x00000000a8f00000)
 Metaspace       used 78789K, capacity 82208K, committed 82456K, reserved 1120256K
  class space    used 10231K, capacity 10998K, committed 11032K, reserved 1048576K
Event: 712.777 GC heap after
Heap after GC invocations=18 (full 3):
 PSYoungGen      total 215552K, used 12014K [0x00000000e0000000, 0x00000000f1280000, 0x0000000100000000)
  eden space 203264K, 0% used [0x00000000e0000000,0x00000000e0000000,0x00000000ec680000)
  from space 12288K, 97% used [0x00000000ee980000,0x00000000ef53ba08,0x00000000ef580000)
  to   space 24064K, 0% used [0x00000000efb00000,0x00000000efb00000,0x00000000f1280000)
 ParOldGen       total 146432K, used 59621K [0x00000000a0000000, 0x00000000a8f00000, 0x00000000e0000000)
  object space 146432K, 40% used [0x00000000a0000000,0x00000000a3a397d0,0x00000000a8f00000)
 Metaspace       used 78789K, capacity 82208K, committed 82456K, reserved 1120256K
  class space    used 10231K, capacity 10998K, committed 11032K, reserved 1048576K
}
Event: 948.027 GC heap before
{Heap before GC invocations=19 (full 3):
 PSYoungGen      total 215552K, used 215278K [0x00000000e0000000, 0x00000000f1280000, 0x0000000100000000)
  eden space 203264K, 100% used [0x00000000e0000000,0x00000000ec680000,0x00000000ec680000)
  from space 12288K, 97% used [0x00000000ee980000,0x00000000ef53ba08,0x00000000ef580000)
  to   space 24064K, 0% used [0x00000000efb00000,0x00000000efb00000,0x00000000f1280000)
 ParOldGen       total 146432K, used 59621K [0x00000000a0000000, 0x00000000a8f00000, 0x00000000e0000000)
  object space 146432K, 40% used [0x00000000a0000000,0x00000000a3a397d0,0x00000000a8f00000)
 Metaspace       used 79685K, capacity 83136K, committed 83352K, reserved 1122304K
  class space    used 10321K, capacity 11142K, committed 11160K, reserved 1048576K
Event: 948.038 GC heap after
Heap after GC invocations=19 (full 3):
 PSYoungGen      total 209408K, used 12480K [0x00000000e0000000, 0x00000000f0780000, 0x0000000100000000)
  eden space 196608K, 0% used [0x00000000e0000000,0x00000000e0000000,0x00000000ec000000)
  from space 12800K, 97% used [0x00000000efb00000,0x00000000f0730300,0x00000000f0780000)
  to   space 23040K, 0% used [0x00000000eda80000,0x00000000eda80000,0x00000000ef100000)
 ParOldGen       total 146432K, used 59629K [0x00000000a0000000, 0x00000000a8f00000, 0x00000000e0000000)
  object space 146432K, 40% used [0x00000000a0000000,0x00000000a3a3b7d0,0x00000000a8f00000)
 Metaspace       used 79685K, capacity 83136K, committed 83352K, reserved 1122304K
  class space    used 10321K, capacity 11142K, committed 11160K, reserved 1048576K
}

